{
  "stats": {
    "suites": 1,
    "tests": 3,
    "passes": 3,
    "pending": 0,
    "failures": 0,
    "start": "2022-03-25T02:07:44.852Z",
    "end": "2022-03-25T02:08:05.573Z",
    "duration": 20721,
    "testsRegistered": 3,
    "passPercent": 100,
    "pendingPercent": 0,
    "other": 0,
    "hasOther": false,
    "skipped": 0,
    "hasSkipped": false
  },
  "results": [
    {
      "uuid": "ad7239d9-600c-4432-8f5c-c1198e875b02",
      "title": "",
      "fullFile": "cypress/integration/Login/Login.test.js",
      "file": "cypress/integration/Login/Login.test.js",
      "beforeHooks": [],
      "afterHooks": [],
      "tests": [],
      "suites": [
        {
          "uuid": "d61e6c76-8dc8-49f4-a22e-557a3651168f",
          "title": "Desktop Viewport - Login",
          "fullFile": "",
          "file": "",
          "beforeHooks": [],
          "afterHooks": [],
          "tests": [
            {
              "title": "Do login",
              "fullTitle": "Desktop Viewport - Login Do login",
              "timedOut": null,
              "duration": 8549,
              "state": "passed",
              "speed": "medium",
              "pass": true,
              "fail": false,
              "pending": false,
              "context": "\"videos/Login/Login.test.js.mp4\"",
              "code": "cy.checkAccessibility(true);\npage.getCookieButton().click();\npage.getEmailInput().type(Cypress.env('USER_EMAIL'));\npage.getPasswordInput().type(Cypress.env('USER_PASSWORD'));\npage.getLoginButton().click();\npage = new _HomePage.default();\npage.getWelcomeBackMessage().should('exist');",
              "err": {},
              "uuid": "ce5d6e81-e816-449b-b6a1-4089cd8fcaec",
              "parentUUID": "d61e6c76-8dc8-49f4-a22e-557a3651168f",
              "isHook": false,
              "skipped": false
            },
            {
              "title": "Try to log in with invalid user",
              "fullTitle": "Desktop Viewport - Login Try to log in with invalid user",
              "timedOut": null,
              "duration": 5875,
              "state": "passed",
              "speed": "medium",
              "pass": true,
              "fail": false,
              "pending": false,
              "context": "\"videos/Login/Login.test.js.mp4\"",
              "code": "page.getEmailInput().type(\"user@phptravels.com\");\npage.getPasswordInput().type(\"demo\");\npage.getLoginButton().click();\npage.getFeedbackErrorInavalidCredential().should('exist');\ncy.checkAccessibility(true);",
              "err": {},
              "uuid": "075597e8-0f4a-4c5e-b752-9d404bb49d1c",
              "parentUUID": "d61e6c76-8dc8-49f4-a22e-557a3651168f",
              "isHook": false,
              "skipped": false
            },
            {
              "title": "Try to log in with empty e-mail",
              "fullTitle": "Desktop Viewport - Login Try to log in with empty e-mail",
              "timedOut": null,
              "duration": 5227,
              "state": "passed",
              "speed": "medium",
              "pass": true,
              "fail": false,
              "pending": false,
              "context": "\"videos/Login/Login.test.js.mp4\"",
              "code": "page.getLoginButton().click();\npage.checkIfEmailIsFocused();\ncy.checkAccessibility(true);",
              "err": {},
              "uuid": "b5980a5a-d5de-4112-b026-1ea00594586b",
              "parentUUID": "d61e6c76-8dc8-49f4-a22e-557a3651168f",
              "isHook": false,
              "skipped": false
            }
          ],
          "suites": [],
          "passes": [
            "ce5d6e81-e816-449b-b6a1-4089cd8fcaec",
            "075597e8-0f4a-4c5e-b752-9d404bb49d1c",
            "b5980a5a-d5de-4112-b026-1ea00594586b"
          ],
          "failures": [],
          "pending": [],
          "skipped": [],
          "duration": 19651,
          "root": false,
          "rootEmpty": false,
          "_timeout": 2000
        }
      ],
      "passes": [],
      "failures": [],
      "pending": [],
      "skipped": [],
      "duration": 0,
      "root": true,
      "rootEmpty": true,
      "_timeout": 2000
    }
  ],
  "meta": {
    "mocha": {
      "version": "7.0.1"
    },
    "mochawesome": {
      "options": {
        "quiet": false,
        "reportFilename": "mochawesome",
        "saveHtml": true,
        "saveJson": true,
        "consoleReporter": "spec",
        "useInlineDiffs": false,
        "code": true
      },
      "version": "6.3.1"
    },
    "marge": {
      "options": {
        "id": "default",
        "reportDir": "cypress/results/json",
        "overwrite": false,
        "html": true,
        "json": true
      },
      "version": "5.2.0"
    }
  }
}