{
  "stats": {
    "suites": 1,
    "tests": 9,
    "passes": 6,
    "pending": 0,
    "failures": 3,
    "start": "2022-03-25T01:54:48.013Z",
    "end": "2022-03-25T02:03:29.738Z",
    "duration": 521725,
    "testsRegistered": 9,
    "passPercent": 66.66666666666666,
    "pendingPercent": 0,
    "other": 0,
    "hasOther": false,
    "skipped": 0,
    "hasSkipped": false
  },
  "results": [
    {
      "uuid": "4cc58201-c38e-4be6-8927-d012060ae62c",
      "title": "",
      "fullFile": "cypress/integration/Flights/Flights.test.js",
      "file": "cypress/integration/Flights/Flights.test.js",
      "beforeHooks": [],
      "afterHooks": [],
      "tests": [],
      "suites": [
        {
          "uuid": "90333a19-4465-4e47-9ca8-5f6e00d60ccc",
          "title": "Desktop Viewport - Flights",
          "fullFile": "",
          "file": "",
          "beforeHooks": [],
          "afterHooks": [],
          "tests": [
            {
              "title": "Search One Way for 1 Adult",
              "fullTitle": "Desktop Viewport - Flights Search One Way for 1 Adult",
              "timedOut": null,
              "duration": 61248,
              "state": "passed",
              "speed": "slow",
              "pass": true,
              "fail": false,
              "pending": false,
              "context": "\"videos/Flights/Flights.test.js.mp4\"",
              "code": "cy.checkAccessibility(true);\npage.getFlyFromInput().type(_constants.CITY_FROM, {\n  scrollBehavior: false\n});\npage.getFlyOption().click({\n  scrollBehavior: false\n});\npage.getFlyToInput().type(_constants.CITY_TO, {\n  scrollBehavior: false\n});\npage.getFlyOption().click({\n  scrollBehavior: false\n});\npage.getSearchButton().click({\n  scrollBehavior: false\n});\npage.getAirportDestinationName().should('exist');\npage.getBookNowButton().click();\nCypress.config('scrollBehavior', 'center');\npage = new _BookingPage.default();\ncy.checkAccessibility(true);\npage.getFirstNameInput().type(this.user.first_name, {\n  scrollBehavior: 'center'\n});\npage.getLastNameInput().type(this.user.last_name);\npage.getNationalityInput().select(this.user.nationality);\npage.getMonthOfBirthInput().select(this.user.month_of_birth);\npage.getDayOfBirthInput().select(this.user.day_of_birth);\npage.getYearOfBirthInput().select(this.user.year_of_birth);\npage.getMonthOfPassaportIssuanceInput().select(this.user.passport_issuance_month);\npage.getDayOfPassaportIssuanceInput().select(this.user.passport_issuance_day);\npage.getYearOfPassaportIssuanceInput().select(this.user.passport_issuance_year);\npage.getMonthOfPassaportExpiryInput().select(this.user.passport_expiry_month);\npage.getDayPassaportExpiryInput().select(this.user.passport_expiry_day);\npage.getYearPassaportExpiryInput().select(this.user.passport_expiry_year);\npage.getDocNumberInput().type(this.user.doc_number);\npage.getPayLaterOption().click();\npage.getAgreeTermsCheckbox().check({\n  force: true\n});\npage.getConfirmBookingButton().click();\npage = new _InvoicePage.default();\ncy.checkAccessibility(true);\npage.getTitlePage().should('be.visible');\npage.getReservationNumberTitle().should('be.visible');\npage.getFeedbackTitle().should('be.visible');\npage.getUserNameTitle(this.user.first_name).should('be.visible');\npage.getFeedbackBookingTitle().should('be.visible');\npage.getTravelersDetailsCard().should('contain', this.user.first_name);\npage.getTravelersDetailsCard().should('contain', this.user.last_name);\npage.getTravelersDetailsCard().should('contain', this.user.nationality_ab);\npage.getTravelersDetailsCard().should('contain', this.user.doc_number);\npage.getTravelersDetailsCard().should('contain', _constants.CITY_TO);",
              "err": {},
              "uuid": "90aebfbe-b5e7-482d-8eb6-5b0ed014693d",
              "parentUUID": "90333a19-4465-4e47-9ca8-5f6e00d60ccc",
              "isHook": false,
              "skipped": false
            },
            {
              "title": "Search Round Trip for 1 Adult",
              "fullTitle": "Desktop Viewport - Flights Search Round Trip for 1 Adult",
              "timedOut": null,
              "duration": 63075,
              "state": "passed",
              "speed": "slow",
              "pass": true,
              "fail": false,
              "pending": false,
              "context": "\"videos/Flights/Flights.test.js.mp4\"",
              "code": "page.getRoundTripOption().click({\n  scrollBehavior: false\n});\npage.getFlyFromInput().type(_constants.CITY_FROM, {\n  scrollBehavior: false\n});\npage.getFlyOption().click({\n  scrollBehavior: false\n});\npage.getFlyToInput().type(_constants.CITY_TO, {\n  scrollBehavior: false\n});\npage.getFlyOption().click({\n  scrollBehavior: false\n});\npage.getSearchButton().click({\n  scrollBehavior: false\n});\npage.getAirportDestinationName().should('exist');\npage.getBookNowButton().click();\nCypress.config('scrollBehavior', 'center');\npage = new _BookingPage.default();\npage.getFirstNameInput().type(this.user.first_name, {\n  scrollBehavior: 'center'\n});\npage.getLastNameInput().type(this.user.last_name);\npage.getNationalityInput().select(this.user.nationality);\npage.getMonthOfBirthInput().select(this.user.month_of_birth);\npage.getDayOfBirthInput().select(this.user.day_of_birth);\npage.getYearOfBirthInput().select(this.user.year_of_birth);\npage.getMonthOfPassaportIssuanceInput().select(this.user.passport_issuance_month);\npage.getDayOfPassaportIssuanceInput().select(this.user.passport_issuance_day);\npage.getYearOfPassaportIssuanceInput().select(this.user.passport_issuance_year);\npage.getMonthOfPassaportExpiryInput().select(this.user.passport_expiry_month);\npage.getDayPassaportExpiryInput().select(this.user.passport_expiry_day);\npage.getYearPassaportExpiryInput().select(this.user.passport_expiry_year);\npage.getDocNumberInput().type(this.user.doc_number);\npage.getPayLaterOption().click();\npage.getAgreeTermsCheckbox().check({\n  force: true\n});\npage.getConfirmBookingButton().click();\npage = new _InvoicePage.default();\npage.getTitlePage().should('be.visible');\npage.getReservationNumberTitle().should('be.visible');\npage.getFeedbackTitle().should('be.visible');\npage.getUserNameTitle(this.user.first_name).should('be.visible');\npage.getFeedbackBookingTitle().should('be.visible');\npage.getTravelersDetailsCard().should('contain', this.user.first_name);\npage.getTravelersDetailsCard().should('contain', this.user.last_name);\npage.getTravelersDetailsCard().should('contain', this.user.nationality_ab);\npage.getTravelersDetailsCard().should('contain', this.user.doc_number);\npage.getTravelersDetailsCard().should('contain', _constants.CITY_TO);",
              "err": {},
              "uuid": "e0749400-2101-4c02-86dc-1c1f078cd722",
              "parentUUID": "90333a19-4465-4e47-9ca8-5f6e00d60ccc",
              "isHook": false,
              "skipped": false
            },
            {
              "title": "Search One Way for 2 Adults",
              "fullTitle": "Desktop Viewport - Flights Search One Way for 2 Adults",
              "timedOut": null,
              "duration": 23143,
              "state": "passed",
              "speed": "slow",
              "pass": true,
              "fail": false,
              "pending": false,
              "context": "\"videos/Flights/Flights.test.js.mp4\"",
              "code": "cy.checkAccessibility(true);\npage.getFlyFromInput().type(_constants.CITY_FROM, {\n  scrollBehavior: false\n});\npage.getFlyOption().click({\n  scrollBehavior: false\n});\npage.getFlyToInput().type(_constants.CITY_TO, {\n  scrollBehavior: false\n});\npage.getFlyOption().click({\n  scrollBehavior: false\n});\npage.getCountPassengers().click({\n  scrollBehavior: false\n});\npage.getPlusAdult().click({\n  scrollBehavior: false\n});\npage.getSearchButton().click({\n  scrollBehavior: false\n});\npage.getAirportDestinationName().should('exist');\npage.getBookNowButton().click();\nCypress.config('scrollBehavior', 'center');\npage = new _BookingPage.default();\npage.getFirstNameInput().should('exist');\npage.getTitleNameTravelerNInput(2).should('exist');",
              "err": {},
              "uuid": "b98d2754-fd03-4031-8250-380b994ee940",
              "parentUUID": "90333a19-4465-4e47-9ca8-5f6e00d60ccc",
              "isHook": false,
              "skipped": false
            },
            {
              "title": "Search Booking Without Origin",
              "fullTitle": "Desktop Viewport - Flights Search Booking Without Origin",
              "timedOut": null,
              "duration": 5129,
              "state": "passed",
              "speed": "medium",
              "pass": true,
              "fail": false,
              "pending": false,
              "context": "\"videos/Flights/Flights.test.js.mp4\"",
              "code": "page.getSearchButton().click({\n  scrollBehavior: false\n});\npage.getLoadIcon().should('be.visible');\npage.getLoadIcon().should('not.be.visible');\ncy.contains(_constants.SEARCH_FLIGHT_TEXT).should('be.visible');\ncy.focused().should('have.attr', 'id', _constants.FLY_FROM_ID);",
              "err": {},
              "uuid": "83f313b7-e309-4f1b-8358-ea8a7c221dc3",
              "parentUUID": "90333a19-4465-4e47-9ca8-5f6e00d60ccc",
              "isHook": false,
              "skipped": false
            },
            {
              "title": "Search Booking Without Destination",
              "fullTitle": "Desktop Viewport - Flights Search Booking Without Destination",
              "timedOut": null,
              "duration": 6739,
              "state": "passed",
              "speed": "medium",
              "pass": true,
              "fail": false,
              "pending": false,
              "context": "\"videos/Flights/Flights.test.js.mp4\"",
              "code": "page.getFlyFromInput().type(_constants.CITY_FROM, {\n  scrollBehavior: false\n});\npage.getFlyOption().click({\n  scrollBehavior: false\n});\npage.getSearchButton().click({\n  scrollBehavior: false\n});\npage.getLoadIcon().should('be.visible');\npage.getLoadIcon().should('not.be.visible');\ncy.contains(_constants.SEARCH_FLIGHT_TEXT).should('be.visible');\ncy.focused().should('have.attr', 'id', _constants.FLY_TO_ID);",
              "err": {},
              "uuid": "1654a796-68f1-4d72-a39e-0c3f6a2bd9fc",
              "parentUUID": "90333a19-4465-4e47-9ca8-5f6e00d60ccc",
              "isHook": false,
              "skipped": false
            },
            {
              "title": "Search Booking Without Departure Date",
              "fullTitle": "Desktop Viewport - Flights Search Booking Without Departure Date",
              "timedOut": null,
              "duration": 12258,
              "state": "failed",
              "speed": null,
              "pass": false,
              "fail": true,
              "pending": false,
              "context": "[\n  \"videos/Flights/Flights.test.js.mp4\",\n  \"screenshots/Flights/Flights.test.js/Desktop Viewport - Flights -- Search Booking Without Departure Date (failed).png\"\n]",
              "code": "page.getFlyFromInput().type(_constants.CITY_FROM, {\n  scrollBehavior: false\n});\npage.getFlyOption().click({\n  scrollBehavior: false\n});\npage.getFlyToInput().type(_constants.CITY_TO, {\n  scrollBehavior: false\n});\npage.getFlyOption().click({\n  scrollBehavior: false\n});\npage.getDepartureDateInput().clear({\n  scrollBehavior: false\n});\npage.getSearchButton().click({\n  scrollBehavior: false\n});\npage.getLoadIcon().should('be.visible');\npage.getLoadIcon().should('not.be.visible');\ncy.contains(_constants.SEARCH_FLIGHT_TEXT).should('be.visible');\ncy.focused().should('have.attr', 'id', _constants.DEPARTURE_DATE_ID);",
              "err": {
                "message": "AssertionError: Timed out retrying after 2000ms: Expected to find element: `.waves-ripple`, but never found it.",
                "estack": "AssertionError: Timed out retrying after 2000ms: Expected to find element: `.waves-ripple`, but never found it.\n    at Context.eval (https://www.phptravels.net/__cypress/tests?p=cypress/integration/Flights/Flights.test.js:364:24)",
                "diff": null
              },
              "uuid": "8fbe400b-b9a8-4b2d-996a-f482b5f0ca3a",
              "parentUUID": "90333a19-4465-4e47-9ca8-5f6e00d60ccc",
              "isHook": false,
              "skipped": false
            },
            {
              "title": "Search Booking Without People",
              "fullTitle": "Desktop Viewport - Flights Search Booking Without People",
              "timedOut": null,
              "duration": 21437,
              "state": "failed",
              "speed": null,
              "pass": false,
              "fail": true,
              "pending": false,
              "context": "[\n  \"videos/Flights/Flights.test.js.mp4\",\n  \"screenshots/Flights/Flights.test.js/Desktop Viewport - Flights -- Search Booking Without People (failed).png\"\n]",
              "code": "page.getFlyFromInput().type(_constants.CITY_FROM, {\n  scrollBehavior: false\n});\npage.getFlyOption().click({\n  scrollBehavior: false\n});\npage.getFlyToInput().type(_constants.CITY_TO, {\n  scrollBehavior: false\n});\npage.getFlyOption().click({\n  scrollBehavior: false\n});\npage.getCountPassengers().click({\n  scrollBehavior: false\n});\npage.getMinusAdult().click({\n  scrollBehavior: false\n});\npage.getSearchButton().click({\n  scrollBehavior: false\n});\ncy.contains(_constants.SEARCH_FLIGHT_TEXT).should('be.visible');\npage.getBookNowButton().should('not.exist');",
              "err": {
                "message": "AssertionError: Timed out retrying after 2000ms: Expected <button.btn.btn-primary.btn-block.theme-search-results-item-price-btn.ladda.waves-effect> not to exist in the DOM, but it was continuously found. Queried from element: [ <button.btn.btn-primary.btn-block.theme-search-results-item-price-btn.ladda.waves-effect>, 49 more... ]",
                "estack": "AssertionError: Timed out retrying after 2000ms: Expected <button.btn.btn-primary.btn-block.theme-search-results-item-price-btn.ladda.waves-effect> not to exist in the DOM, but it was continuously found. Queried from element: [ <button.btn.btn-primary.btn-block.theme-search-results-item-price-btn.ladda.waves-effect>, 49 more... ]\n    at Context.eval (https://www.phptravels.net/__cypress/tests?p=cypress/integration/Flights/Flights.test.js:392:29)",
                "diff": null
              },
              "uuid": "74e6131c-83c8-40c9-80cf-34f1d6fe7844",
              "parentUUID": "90333a19-4465-4e47-9ca8-5f6e00d60ccc",
              "isHook": false,
              "skipped": false
            },
            {
              "title": "Try to book a flight without travelers detail",
              "fullTitle": "Desktop Viewport - Flights Try to book a flight without travelers detail",
              "timedOut": null,
              "duration": 59515,
              "state": "failed",
              "speed": null,
              "pass": false,
              "fail": true,
              "pending": false,
              "context": "[\n  \"videos/Flights/Flights.test.js.mp4\",\n  \"screenshots/Flights/Flights.test.js/Desktop Viewport - Flights -- Try to book a flight without travelers detail (failed).png\"\n]",
              "code": "page.getFlyFromInput().type(_constants.CITY_FROM, {\n  scrollBehavior: false\n});\npage.getFlyOption().click({\n  scrollBehavior: false\n});\npage.getFlyToInput().type(_constants.CITY_TO, {\n  scrollBehavior: false\n});\npage.getFlyOption().click({\n  scrollBehavior: false\n});\npage.getSearchButton().click({\n  scrollBehavior: false\n});\npage.getAirportDestinationName().should('exist');\npage.getBookNowButton().click();\nCypress.config('scrollBehavior', 'center');\npage = new _BookingPage.default();\npage.getPayLaterOption().click();\npage.getAgreeTermsCheckbox().check({\n  force: true\n});\npage.getConfirmBookingButton().click();\ncy.url().should('not.contain', '/invoice');",
              "err": {
                "message": "AssertionError: Timed out retrying after 2000ms: expected 'https://www.phptravels.net/flights/booking/invoice/7210/1454' to not include '/invoice'",
                "estack": "AssertionError: Timed out retrying after 2000ms: expected 'https://www.phptravels.net/flights/booking/invoice/7210/1454' to not include '/invoice'\n    at Context.eval (https://www.phptravels.net/__cypress/tests?p=cypress/integration/Flights/Flights.test.js:419:14)",
                "diff": null
              },
              "uuid": "d0abffe4-b2e7-4a35-9b6b-7e78c8842d06",
              "parentUUID": "90333a19-4465-4e47-9ca8-5f6e00d60ccc",
              "isHook": false,
              "skipped": false
            },
            {
              "title": "Try to book a flight without select payment method",
              "fullTitle": "Desktop Viewport - Flights Try to book a flight without select payment method",
              "timedOut": null,
              "duration": 43542,
              "state": "passed",
              "speed": "slow",
              "pass": true,
              "fail": false,
              "pending": false,
              "context": "\"videos/Flights/Flights.test.js.mp4\"",
              "code": "page.getFlyFromInput().type(_constants.CITY_FROM, {\n  scrollBehavior: false\n});\npage.getFlyOption().click({\n  scrollBehavior: false\n});\npage.getFlyToInput().type(_constants.CITY_TO, {\n  scrollBehavior: false\n});\npage.getFlyOption().click({\n  scrollBehavior: false\n});\npage.getSearchButton().click({\n  scrollBehavior: false\n});\npage.getAirportDestinationName().should('exist');\npage.getBookNowButton().click();\nCypress.config('scrollBehavior', 'center');\npage = new _BookingPage.default();\npage.getFirstNameInput().type(this.user.first_name, {\n  scrollBehavior: 'center'\n});\npage.getLastNameInput().type(this.user.last_name);\npage.getNationalityInput().select(this.user.nationality);\npage.getMonthOfBirthInput().select(this.user.month_of_birth);\npage.getDayOfBirthInput().select(this.user.day_of_birth);\npage.getYearOfBirthInput().select(this.user.year_of_birth);\npage.getMonthOfPassaportIssuanceInput().select(this.user.passport_issuance_month);\npage.getDayOfPassaportIssuanceInput().select(this.user.passport_issuance_day);\npage.getYearOfPassaportIssuanceInput().select(this.user.passport_issuance_year);\npage.getMonthOfPassaportExpiryInput().select(this.user.passport_expiry_month);\npage.getDayPassaportExpiryInput().select(this.user.passport_expiry_day);\npage.getYearPassaportExpiryInput().select(this.user.passport_expiry_year);\npage.getDocNumberInput().type(this.user.doc_number);\npage.getAgreeTermsCheckbox().check({\n  force: true\n});\npage.getConfirmBookingButton().click();\ncy.url().should('not.contain', '/invoice');\ncy.focused().should('have.attr', 'id', _constants2.BANK_TRANSFER_ID);",
              "err": {},
              "uuid": "5e6ce67f-ff7b-4fcc-932f-eef54da09256",
              "parentUUID": "90333a19-4465-4e47-9ca8-5f6e00d60ccc",
              "isHook": false,
              "skipped": false
            }
          ],
          "suites": [],
          "passes": [
            "90aebfbe-b5e7-482d-8eb6-5b0ed014693d",
            "e0749400-2101-4c02-86dc-1c1f078cd722",
            "b98d2754-fd03-4031-8250-380b994ee940",
            "83f313b7-e309-4f1b-8358-ea8a7c221dc3",
            "1654a796-68f1-4d72-a39e-0c3f6a2bd9fc",
            "5e6ce67f-ff7b-4fcc-932f-eef54da09256"
          ],
          "failures": [
            "8fbe400b-b9a8-4b2d-996a-f482b5f0ca3a",
            "74e6131c-83c8-40c9-80cf-34f1d6fe7844",
            "d0abffe4-b2e7-4a35-9b6b-7e78c8842d06"
          ],
          "pending": [],
          "skipped": [],
          "duration": 296086,
          "root": false,
          "rootEmpty": false,
          "_timeout": 2000
        }
      ],
      "passes": [],
      "failures": [],
      "pending": [],
      "skipped": [],
      "duration": 0,
      "root": true,
      "rootEmpty": true,
      "_timeout": 2000
    }
  ],
  "meta": {
    "mocha": {
      "version": "7.0.1"
    },
    "mochawesome": {
      "options": {
        "quiet": false,
        "reportFilename": "mochawesome",
        "saveHtml": true,
        "saveJson": true,
        "consoleReporter": "spec",
        "useInlineDiffs": false,
        "code": true
      },
      "version": "6.3.1"
    },
    "marge": {
      "options": {
        "id": "default",
        "reportDir": "cypress/results/json",
        "overwrite": false,
        "html": true,
        "json": true
      },
      "version": "5.2.0"
    }
  }
}