{
  "stats": {
    "suites": 1,
    "tests": 9,
    "passes": 6,
    "pending": 0,
    "failures": 3,
    "start": "2022-03-25T01:42:12.703Z",
    "end": "2022-03-25T01:47:54.646Z",
    "duration": 341943,
    "testsRegistered": 9,
    "passPercent": 66.66666666666666,
    "pendingPercent": 0,
    "other": 0,
    "hasOther": false,
    "skipped": 0,
    "hasSkipped": false
  },
  "results": [
    {
      "uuid": "322194f7-d206-4ab1-865b-b45a337cbb86",
      "title": "",
      "fullFile": "cypress/integration/Flights/Flights.test.js",
      "file": "cypress/integration/Flights/Flights.test.js",
      "beforeHooks": [],
      "afterHooks": [],
      "tests": [],
      "suites": [
        {
          "uuid": "67b688e2-e46a-40ce-afc1-ba24a3f21411",
          "title": "Desktop Viewport - Flights",
          "fullFile": "",
          "file": "",
          "beforeHooks": [],
          "afterHooks": [],
          "tests": [
            {
              "title": "Search One Way for 1 Adult",
              "fullTitle": "Desktop Viewport - Flights Search One Way for 1 Adult",
              "timedOut": null,
              "duration": 44807,
              "state": "passed",
              "speed": "slow",
              "pass": true,
              "fail": false,
              "pending": false,
              "context": "\"videos/Flights/Flights.test.js.mp4\"",
              "code": "cy.checkAccessibility(true);\npage.getFlyFromInput().type(_constants.CITY_FROM, {\n  scrollBehavior: false\n});\npage.getFlyOption().click({\n  scrollBehavior: false\n});\npage.getFlyToInput().type(_constants.CITY_TO, {\n  scrollBehavior: false\n});\npage.getFlyOption().click({\n  scrollBehavior: false\n});\npage.getSearchButton().click({\n  scrollBehavior: false\n});\npage.getAirportDestinationName().should('exist');\npage.getBookNowButton().click();\nCypress.config('scrollBehavior', 'center');\npage = new _BookingPage.default();\ncy.checkAccessibility(true);\npage.getFirstNameInput().type(this.user.first_name, {\n  scrollBehavior: 'center'\n});\npage.getLastNameInput().type(this.user.last_name);\npage.getNationalityInput().select(this.user.nationality);\npage.getMonthOfBirthInput().select(this.user.month_of_birth);\npage.getDayOfBirthInput().select(this.user.day_of_birth);\npage.getYearOfBirthInput().select(this.user.year_of_birth);\npage.getMonthOfPassaportIssuanceInput().select(this.user.passport_issuance_month);\npage.getDayOfPassaportIssuanceInput().select(this.user.passport_issuance_day);\npage.getYearOfPassaportIssuanceInput().select(this.user.passport_issuance_year);\npage.getMonthOfPassaportExpiryInput().select(this.user.passport_expiry_month);\npage.getDayPassaportExpiryInput().select(this.user.passport_expiry_day);\npage.getYearPassaportExpiryInput().select(this.user.passport_expiry_year);\npage.getDocNumberInput().type(this.user.doc_number);\npage.getPayLaterOption().click();\npage.getAgreeTermsCheckbox().check({\n  force: true\n});\npage.getConfirmBookingButton().click();\npage = new _InvoicePage.default();\ncy.checkAccessibility(true);\npage.getTitlePage().should('be.visible');\npage.getReservationNumberTitle().should('be.visible');\npage.getFeedbackTitle().should('be.visible');\npage.getUserNameTitle(this.user.first_name).should('be.visible');\npage.getFeedbackBookingTitle().should('be.visible');\npage.getTravelersDetailsCard().should('contain', this.user.first_name);\npage.getTravelersDetailsCard().should('contain', this.user.last_name);\npage.getTravelersDetailsCard().should('contain', this.user.nationality_ab);\npage.getTravelersDetailsCard().should('contain', this.user.doc_number);\npage.getTravelersDetailsCard().should('contain', _constants.CITY_TO);",
              "err": {},
              "uuid": "8896e738-ad57-416b-945e-aca9b6bd5463",
              "parentUUID": "67b688e2-e46a-40ce-afc1-ba24a3f21411",
              "isHook": false,
              "skipped": false
            },
            {
              "title": "Search Round Trip for 1 Adult",
              "fullTitle": "Desktop Viewport - Flights Search Round Trip for 1 Adult",
              "timedOut": null,
              "duration": 43108,
              "state": "passed",
              "speed": "slow",
              "pass": true,
              "fail": false,
              "pending": false,
              "context": "\"videos/Flights/Flights.test.js.mp4\"",
              "code": "page.getRoundTripOption().click({\n  scrollBehavior: false\n});\npage.getFlyFromInput().type(_constants.CITY_FROM, {\n  scrollBehavior: false\n});\npage.getFlyOption().click({\n  scrollBehavior: false\n});\npage.getFlyToInput().type(_constants.CITY_TO, {\n  scrollBehavior: false\n});\npage.getFlyOption().click({\n  scrollBehavior: false\n});\npage.getSearchButton().click({\n  scrollBehavior: false\n});\npage.getAirportDestinationName().should('exist');\npage.getBookNowButton().click();\nCypress.config('scrollBehavior', 'center');\npage = new _BookingPage.default();\npage.getFirstNameInput().type(this.user.first_name, {\n  scrollBehavior: 'center'\n});\npage.getLastNameInput().type(this.user.last_name);\npage.getNationalityInput().select(this.user.nationality);\npage.getMonthOfBirthInput().select(this.user.month_of_birth);\npage.getDayOfBirthInput().select(this.user.day_of_birth);\npage.getYearOfBirthInput().select(this.user.year_of_birth);\npage.getMonthOfPassaportIssuanceInput().select(this.user.passport_issuance_month);\npage.getDayOfPassaportIssuanceInput().select(this.user.passport_issuance_day);\npage.getYearOfPassaportIssuanceInput().select(this.user.passport_issuance_year);\npage.getMonthOfPassaportExpiryInput().select(this.user.passport_expiry_month);\npage.getDayPassaportExpiryInput().select(this.user.passport_expiry_day);\npage.getYearPassaportExpiryInput().select(this.user.passport_expiry_year);\npage.getDocNumberInput().type(this.user.doc_number);\npage.getPayLaterOption().click();\npage.getAgreeTermsCheckbox().check({\n  force: true\n});\npage.getConfirmBookingButton().click();\npage = new _InvoicePage.default();\npage.getTitlePage().should('be.visible');\npage.getReservationNumberTitle().should('be.visible');\npage.getFeedbackTitle().should('be.visible');\npage.getUserNameTitle(this.user.first_name).should('be.visible');\npage.getFeedbackBookingTitle().should('be.visible');\npage.getTravelersDetailsCard().should('contain', this.user.first_name);\npage.getTravelersDetailsCard().should('contain', this.user.last_name);\npage.getTravelersDetailsCard().should('contain', this.user.nationality_ab);\npage.getTravelersDetailsCard().should('contain', this.user.doc_number);\npage.getTravelersDetailsCard().should('contain', _constants.CITY_TO);",
              "err": {},
              "uuid": "a8bcee54-079d-45ef-af52-a8463dfe8bb2",
              "parentUUID": "67b688e2-e46a-40ce-afc1-ba24a3f21411",
              "isHook": false,
              "skipped": false
            },
            {
              "title": "Search One Way for 2 Adults",
              "fullTitle": "Desktop Viewport - Flights Search One Way for 2 Adults",
              "timedOut": null,
              "duration": 23741,
              "state": "passed",
              "speed": "slow",
              "pass": true,
              "fail": false,
              "pending": false,
              "context": "\"videos/Flights/Flights.test.js.mp4\"",
              "code": "cy.checkAccessibility(true);\npage.getFlyFromInput().type(_constants.CITY_FROM, {\n  scrollBehavior: false\n});\npage.getFlyOption().click({\n  scrollBehavior: false\n});\npage.getFlyToInput().type(_constants.CITY_TO, {\n  scrollBehavior: false\n});\npage.getFlyOption().click({\n  scrollBehavior: false\n});\npage.getCountPassengers().click({\n  scrollBehavior: false\n});\npage.getPlusAdult().click({\n  scrollBehavior: false\n});\npage.getSearchButton().click({\n  scrollBehavior: false\n});\npage.getAirportDestinationName().should('exist');\npage.getBookNowButton().click();\nCypress.config('scrollBehavior', 'center');\npage = new _BookingPage.default();\npage.getFirstNameInput().should('exist');\npage.getTitleNameTravelerNInput(2).should('exist');",
              "err": {},
              "uuid": "ef948047-f47f-4335-873d-38fa2b4ab503",
              "parentUUID": "67b688e2-e46a-40ce-afc1-ba24a3f21411",
              "isHook": false,
              "skipped": false
            },
            {
              "title": "Search Booking Without Origin",
              "fullTitle": "Desktop Viewport - Flights Search Booking Without Origin",
              "timedOut": null,
              "duration": 4717,
              "state": "passed",
              "speed": "fast",
              "pass": true,
              "fail": false,
              "pending": false,
              "context": "\"videos/Flights/Flights.test.js.mp4\"",
              "code": "page.getSearchButton().click({\n  scrollBehavior: false\n});\npage.getLoadIcon().should('be.visible');\npage.getLoadIcon().should('not.be.visible');\ncy.contains(_constants.SEARCH_FLIGHT_TEXT).should('be.visible');\ncy.focused().should('have.attr', 'id', _constants.FLY_FROM_ID);",
              "err": {},
              "uuid": "b12a54b0-119a-4bae-9cad-7952295fb40e",
              "parentUUID": "67b688e2-e46a-40ce-afc1-ba24a3f21411",
              "isHook": false,
              "skipped": false
            },
            {
              "title": "Search Booking Without Destination",
              "fullTitle": "Desktop Viewport - Flights Search Booking Without Destination",
              "timedOut": null,
              "duration": 6176,
              "state": "passed",
              "speed": "medium",
              "pass": true,
              "fail": false,
              "pending": false,
              "context": "\"videos/Flights/Flights.test.js.mp4\"",
              "code": "page.getFlyFromInput().type(_constants.CITY_FROM, {\n  scrollBehavior: false\n});\npage.getFlyOption().click({\n  scrollBehavior: false\n});\npage.getSearchButton().click({\n  scrollBehavior: false\n});\npage.getLoadIcon().should('be.visible');\npage.getLoadIcon().should('not.be.visible');\ncy.contains(_constants.SEARCH_FLIGHT_TEXT).should('be.visible');\ncy.focused().should('have.attr', 'id', _constants.FLY_TO_ID);",
              "err": {},
              "uuid": "26dcaf9a-5c40-4d5a-a959-3e7094b40663",
              "parentUUID": "67b688e2-e46a-40ce-afc1-ba24a3f21411",
              "isHook": false,
              "skipped": false
            },
            {
              "title": "Search Booking Without Departure Date",
              "fullTitle": "Desktop Viewport - Flights Search Booking Without Departure Date",
              "timedOut": null,
              "duration": 10609,
              "state": "failed",
              "speed": null,
              "pass": false,
              "fail": true,
              "pending": false,
              "context": "[\n  \"videos/Flights/Flights.test.js.mp4\",\n  \"screenshots/Flights/Flights.test.js/Desktop Viewport - Flights -- Search Booking Without Departure Date (failed).png\"\n]",
              "code": "page.getFlyFromInput().type(_constants.CITY_FROM, {\n  scrollBehavior: false\n});\npage.getFlyOption().click({\n  scrollBehavior: false\n});\npage.getFlyToInput().type(_constants.CITY_TO, {\n  scrollBehavior: false\n});\npage.getFlyOption().click({\n  scrollBehavior: false\n});\npage.getDepartureDateInput().clear({\n  scrollBehavior: false\n});\npage.getSearchButton().click({\n  scrollBehavior: false\n});\npage.getLoadIcon().should('be.visible');\npage.getLoadIcon().should('not.be.visible');\ncy.contains(_constants.SEARCH_FLIGHT_TEXT).should('be.visible');\ncy.focused().should('have.attr', 'id', _constants.DEPARTURE_DATE_ID);",
              "err": {
                "message": "AssertionError: Timed out retrying after 2000ms: Expected to find element: `.waves-ripple`, but never found it.",
                "estack": "AssertionError: Timed out retrying after 2000ms: Expected to find element: `.waves-ripple`, but never found it.\n    at Context.eval (https://www.phptravels.net/__cypress/tests?p=cypress/integration/Flights/Flights.test.js:364:24)",
                "diff": null
              },
              "uuid": "3e8fda69-6e2d-4542-bd95-7e44695677b5",
              "parentUUID": "67b688e2-e46a-40ce-afc1-ba24a3f21411",
              "isHook": false,
              "skipped": false
            },
            {
              "title": "Search Booking Without People",
              "fullTitle": "Desktop Viewport - Flights Search Booking Without People",
              "timedOut": null,
              "duration": 18971,
              "state": "failed",
              "speed": null,
              "pass": false,
              "fail": true,
              "pending": false,
              "context": "[\n  \"videos/Flights/Flights.test.js.mp4\",\n  \"screenshots/Flights/Flights.test.js/Desktop Viewport - Flights -- Search Booking Without People (failed).png\"\n]",
              "code": "page.getFlyFromInput().type(_constants.CITY_FROM, {\n  scrollBehavior: false\n});\npage.getFlyOption().click({\n  scrollBehavior: false\n});\npage.getFlyToInput().type(_constants.CITY_TO, {\n  scrollBehavior: false\n});\npage.getFlyOption().click({\n  scrollBehavior: false\n});\npage.getCountPassengers().click({\n  scrollBehavior: false\n});\npage.getMinusAdult().click({\n  scrollBehavior: false\n});\npage.getSearchButton().click({\n  scrollBehavior: false\n});\ncy.contains(_constants.SEARCH_FLIGHT_TEXT).should('be.visible');\npage.getBookNowButton().should('not.exist');",
              "err": {
                "message": "AssertionError: Timed out retrying after 2000ms: Expected <button.btn.btn-primary.btn-block.theme-search-results-item-price-btn.ladda.waves-effect> not to exist in the DOM, but it was continuously found. Queried from element: [ <button.btn.btn-primary.btn-block.theme-search-results-item-price-btn.ladda.waves-effect>, 49 more... ]",
                "estack": "AssertionError: Timed out retrying after 2000ms: Expected <button.btn.btn-primary.btn-block.theme-search-results-item-price-btn.ladda.waves-effect> not to exist in the DOM, but it was continuously found. Queried from element: [ <button.btn.btn-primary.btn-block.theme-search-results-item-price-btn.ladda.waves-effect>, 49 more... ]\n    at Context.eval (https://www.phptravels.net/__cypress/tests?p=cypress/integration/Flights/Flights.test.js:392:29)",
                "diff": null
              },
              "uuid": "5d61afe9-30c0-4ac3-a4a3-399c39396b29",
              "parentUUID": "67b688e2-e46a-40ce-afc1-ba24a3f21411",
              "isHook": false,
              "skipped": false
            },
            {
              "title": "Try to book a flight without travelers detail",
              "fullTitle": "Desktop Viewport - Flights Try to book a flight without travelers detail",
              "timedOut": null,
              "duration": 29494,
              "state": "failed",
              "speed": null,
              "pass": false,
              "fail": true,
              "pending": false,
              "context": "[\n  \"videos/Flights/Flights.test.js.mp4\",\n  \"screenshots/Flights/Flights.test.js/Desktop Viewport - Flights -- Try to book a flight without travelers detail (failed).png\"\n]",
              "code": "page.getFlyFromInput().type(_constants.CITY_FROM, {\n  scrollBehavior: false\n});\npage.getFlyOption().click({\n  scrollBehavior: false\n});\npage.getFlyToInput().type(_constants.CITY_TO, {\n  scrollBehavior: false\n});\npage.getFlyOption().click({\n  scrollBehavior: false\n});\npage.getSearchButton().click({\n  scrollBehavior: false\n});\npage.getAirportDestinationName().should('exist');\npage.getBookNowButton().click();\nCypress.config('scrollBehavior', 'center');\npage = new _BookingPage.default();\npage.getPayLaterOption().click();\npage.getAgreeTermsCheckbox().check({\n  force: true\n});\npage.getConfirmBookingButton().click();\ncy.url().should('not.contain', '/invoice');",
              "err": {
                "message": "AssertionError: Timed out retrying after 2000ms: expected 'https://www.phptravels.net/flights/booking/invoice/2601/1444' to not include '/invoice'",
                "estack": "AssertionError: Timed out retrying after 2000ms: expected 'https://www.phptravels.net/flights/booking/invoice/2601/1444' to not include '/invoice'\n    at Context.eval (https://www.phptravels.net/__cypress/tests?p=cypress/integration/Flights/Flights.test.js:419:14)",
                "diff": null
              },
              "uuid": "f90c5c9f-f8aa-4e43-9701-c7b8c9169d28",
              "parentUUID": "67b688e2-e46a-40ce-afc1-ba24a3f21411",
              "isHook": false,
              "skipped": false
            },
            {
              "title": "Try to book a flight without select payment method",
              "fullTitle": "Desktop Viewport - Flights Try to book a flight without select payment method",
              "timedOut": null,
              "duration": 25847,
              "state": "passed",
              "speed": "slow",
              "pass": true,
              "fail": false,
              "pending": false,
              "context": "\"videos/Flights/Flights.test.js.mp4\"",
              "code": "page.getFlyFromInput().type(_constants.CITY_FROM, {\n  scrollBehavior: false\n});\npage.getFlyOption().click({\n  scrollBehavior: false\n});\npage.getFlyToInput().type(_constants.CITY_TO, {\n  scrollBehavior: false\n});\npage.getFlyOption().click({\n  scrollBehavior: false\n});\npage.getSearchButton().click({\n  scrollBehavior: false\n});\npage.getAirportDestinationName().should('exist');\npage.getBookNowButton().click();\nCypress.config('scrollBehavior', 'center');\npage = new _BookingPage.default();\npage.getFirstNameInput().type(this.user.first_name, {\n  scrollBehavior: 'center'\n});\npage.getLastNameInput().type(this.user.last_name);\npage.getNationalityInput().select(this.user.nationality);\npage.getMonthOfBirthInput().select(this.user.month_of_birth);\npage.getDayOfBirthInput().select(this.user.day_of_birth);\npage.getYearOfBirthInput().select(this.user.year_of_birth);\npage.getMonthOfPassaportIssuanceInput().select(this.user.passport_issuance_month);\npage.getDayOfPassaportIssuanceInput().select(this.user.passport_issuance_day);\npage.getYearOfPassaportIssuanceInput().select(this.user.passport_issuance_year);\npage.getMonthOfPassaportExpiryInput().select(this.user.passport_expiry_month);\npage.getDayPassaportExpiryInput().select(this.user.passport_expiry_day);\npage.getYearPassaportExpiryInput().select(this.user.passport_expiry_year);\npage.getDocNumberInput().type(this.user.doc_number);\npage.getAgreeTermsCheckbox().check({\n  force: true\n});\npage.getConfirmBookingButton().click();\ncy.url().should('not.contain', '/invoice');\ncy.focused().should('have.attr', 'id', _constants2.BANK_TRANSFER_ID);",
              "err": {},
              "uuid": "8a8b6be9-081e-4c99-ac92-bb058318498e",
              "parentUUID": "67b688e2-e46a-40ce-afc1-ba24a3f21411",
              "isHook": false,
              "skipped": false
            }
          ],
          "suites": [],
          "passes": [
            "8896e738-ad57-416b-945e-aca9b6bd5463",
            "a8bcee54-079d-45ef-af52-a8463dfe8bb2",
            "ef948047-f47f-4335-873d-38fa2b4ab503",
            "b12a54b0-119a-4bae-9cad-7952295fb40e",
            "26dcaf9a-5c40-4d5a-a959-3e7094b40663",
            "8a8b6be9-081e-4c99-ac92-bb058318498e"
          ],
          "failures": [
            "3e8fda69-6e2d-4542-bd95-7e44695677b5",
            "5d61afe9-30c0-4ac3-a4a3-399c39396b29",
            "f90c5c9f-f8aa-4e43-9701-c7b8c9169d28"
          ],
          "pending": [],
          "skipped": [],
          "duration": 207470,
          "root": false,
          "rootEmpty": false,
          "_timeout": 2000
        }
      ],
      "passes": [],
      "failures": [],
      "pending": [],
      "skipped": [],
      "duration": 0,
      "root": true,
      "rootEmpty": true,
      "_timeout": 2000
    }
  ],
  "meta": {
    "mocha": {
      "version": "7.0.1"
    },
    "mochawesome": {
      "options": {
        "quiet": false,
        "reportFilename": "mochawesome",
        "saveHtml": true,
        "saveJson": true,
        "consoleReporter": "spec",
        "useInlineDiffs": false,
        "code": true
      },
      "version": "6.3.1"
    },
    "marge": {
      "options": {
        "id": "default",
        "reportDir": "cypress/results/json",
        "overwrite": false,
        "html": true,
        "json": true
      },
      "version": "5.2.0"
    }
  }
}