{
  "stats": {
    "suites": 1,
    "tests": 4,
    "passes": 4,
    "pending": 0,
    "failures": 0,
    "start": "2022-03-25T02:08:16.034Z",
    "end": "2022-03-25T02:08:33.302Z",
    "duration": 17268,
    "testsRegistered": 4,
    "passPercent": 100,
    "pendingPercent": 0,
    "other": 0,
    "hasOther": false,
    "skipped": 0,
    "hasSkipped": false
  },
  "results": [
    {
      "uuid": "e112ccc9-6ae5-4bdd-aab7-99a18e27a989",
      "title": "",
      "fullFile": "cypress/integration/Login/LoginMobile.test.js",
      "file": "cypress/integration/Login/LoginMobile.test.js",
      "beforeHooks": [],
      "afterHooks": [],
      "tests": [],
      "suites": [
        {
          "uuid": "3b93750c-220e-4e8d-a8f0-f8925408dd11",
          "title": "Mobile Viewport - Login",
          "fullFile": "",
          "file": "",
          "beforeHooks": [],
          "afterHooks": [],
          "tests": [
            {
              "title": "Do login with size iphone-6 screen",
              "fullTitle": "Mobile Viewport - Login Do login with size iphone-6 screen",
              "timedOut": null,
              "duration": 5740,
              "state": "passed",
              "speed": "medium",
              "pass": true,
              "fail": false,
              "pending": false,
              "context": "\"videos/Login/LoginMobile.test.js.mp4\"",
              "code": "if (Cypress._.isArray(size)) {\n  cy.viewport(size[0], size[1]);\n} else {\n  if (size != 'iphone-6-landscape') {\n    cy.viewport(size);\n  } else {\n    cy.viewport('iphone-6', 'landscape');\n  }\n}\npage.getCookieButton().click();\npage.getEmailInput().type(Cypress.env('USER_EMAIL'));\npage.getPasswordInput().type(Cypress.env('USER_PASSWORD'));\npage.getLoginButton().click();\npage = new _HomePage.default();\npage.getWelcomeBackMessage().should('exist');",
              "err": {},
              "uuid": "3e5129e0-a6a3-47fe-9a33-9c09b54cf5bb",
              "parentUUID": "3b93750c-220e-4e8d-a8f0-f8925408dd11",
              "isHook": false,
              "skipped": false
            },
            {
              "title": "Do login with size samsung-s10 screen",
              "fullTitle": "Mobile Viewport - Login Do login with size samsung-s10 screen",
              "timedOut": null,
              "duration": 3863,
              "state": "passed",
              "speed": "fast",
              "pass": true,
              "fail": false,
              "pending": false,
              "context": "\"videos/Login/LoginMobile.test.js.mp4\"",
              "code": "if (Cypress._.isArray(size)) {\n  cy.viewport(size[0], size[1]);\n} else {\n  if (size != 'iphone-6-landscape') {\n    cy.viewport(size);\n  } else {\n    cy.viewport('iphone-6', 'landscape');\n  }\n}\npage.getCookieButton().click();\npage.getEmailInput().type(Cypress.env('USER_EMAIL'));\npage.getPasswordInput().type(Cypress.env('USER_PASSWORD'));\npage.getLoginButton().click();\npage = new _HomePage.default();\npage.getWelcomeBackMessage().should('exist');",
              "err": {},
              "uuid": "bfcd4b8f-f4b9-417b-a03a-93b70e33147a",
              "parentUUID": "3b93750c-220e-4e8d-a8f0-f8925408dd11",
              "isHook": false,
              "skipped": false
            },
            {
              "title": "Do login with size iphone-6-landscape screen",
              "fullTitle": "Mobile Viewport - Login Do login with size iphone-6-landscape screen",
              "timedOut": null,
              "duration": 3915,
              "state": "passed",
              "speed": "fast",
              "pass": true,
              "fail": false,
              "pending": false,
              "context": "\"videos/Login/LoginMobile.test.js.mp4\"",
              "code": "if (Cypress._.isArray(size)) {\n  cy.viewport(size[0], size[1]);\n} else {\n  if (size != 'iphone-6-landscape') {\n    cy.viewport(size);\n  } else {\n    cy.viewport('iphone-6', 'landscape');\n  }\n}\npage.getCookieButton().click();\npage.getEmailInput().type(Cypress.env('USER_EMAIL'));\npage.getPasswordInput().type(Cypress.env('USER_PASSWORD'));\npage.getLoginButton().click();\npage = new _HomePage.default();\npage.getWelcomeBackMessage().should('exist');",
              "err": {},
              "uuid": "8ed6dbbb-2877-4b6b-858a-cd79abb68ae6",
              "parentUUID": "3b93750c-220e-4e8d-a8f0-f8925408dd11",
              "isHook": false,
              "skipped": false
            },
            {
              "title": "Do login with size ipad-2 screen",
              "fullTitle": "Mobile Viewport - Login Do login with size ipad-2 screen",
              "timedOut": null,
              "duration": 3609,
              "state": "passed",
              "speed": "fast",
              "pass": true,
              "fail": false,
              "pending": false,
              "context": "\"videos/Login/LoginMobile.test.js.mp4\"",
              "code": "if (Cypress._.isArray(size)) {\n  cy.viewport(size[0], size[1]);\n} else {\n  if (size != 'iphone-6-landscape') {\n    cy.viewport(size);\n  } else {\n    cy.viewport('iphone-6', 'landscape');\n  }\n}\npage.getCookieButton().click();\npage.getEmailInput().type(Cypress.env('USER_EMAIL'));\npage.getPasswordInput().type(Cypress.env('USER_PASSWORD'));\npage.getLoginButton().click();\npage = new _HomePage.default();\npage.getWelcomeBackMessage().should('exist');",
              "err": {},
              "uuid": "1ffedd30-bd5c-45c6-a139-6aff3b1eb651",
              "parentUUID": "3b93750c-220e-4e8d-a8f0-f8925408dd11",
              "isHook": false,
              "skipped": false
            }
          ],
          "suites": [],
          "passes": [
            "3e5129e0-a6a3-47fe-9a33-9c09b54cf5bb",
            "bfcd4b8f-f4b9-417b-a03a-93b70e33147a",
            "8ed6dbbb-2877-4b6b-858a-cd79abb68ae6",
            "1ffedd30-bd5c-45c6-a139-6aff3b1eb651"
          ],
          "failures": [],
          "pending": [],
          "skipped": [],
          "duration": 17127,
          "root": false,
          "rootEmpty": false,
          "_timeout": 2000
        }
      ],
      "passes": [],
      "failures": [],
      "pending": [],
      "skipped": [],
      "duration": 0,
      "root": true,
      "rootEmpty": true,
      "_timeout": 2000
    }
  ],
  "meta": {
    "mocha": {
      "version": "7.0.1"
    },
    "mochawesome": {
      "options": {
        "quiet": false,
        "reportFilename": "mochawesome",
        "saveHtml": true,
        "saveJson": true,
        "consoleReporter": "spec",
        "useInlineDiffs": false,
        "code": true
      },
      "version": "6.3.1"
    },
    "marge": {
      "options": {
        "id": "default",
        "reportDir": "cypress/results/json",
        "overwrite": false,
        "html": true,
        "json": true
      },
      "version": "5.2.0"
    }
  }
}