{
  "stats": {
    "suites": 1,
    "tests": 9,
    "passes": 6,
    "pending": 0,
    "failures": 3,
    "start": "2022-03-25T01:59:37.839Z",
    "end": "2022-03-25T02:06:39.229Z",
    "duration": 421390,
    "testsRegistered": 9,
    "passPercent": 66.66666666666666,
    "pendingPercent": 0,
    "other": 0,
    "hasOther": false,
    "skipped": 0,
    "hasSkipped": false
  },
  "results": [
    {
      "uuid": "5f6c4a0e-1145-4190-a995-24c9a3b469aa",
      "title": "",
      "fullFile": "cypress/integration/Flights/Flights.test.js",
      "file": "cypress/integration/Flights/Flights.test.js",
      "beforeHooks": [],
      "afterHooks": [],
      "tests": [],
      "suites": [
        {
          "uuid": "2085794e-b488-4f8a-8de8-6baff1218fd0",
          "title": "Desktop Viewport - Flights",
          "fullFile": "",
          "file": "",
          "beforeHooks": [],
          "afterHooks": [],
          "tests": [
            {
              "title": "Search One Way for 1 Adult",
              "fullTitle": "Desktop Viewport - Flights Search One Way for 1 Adult",
              "timedOut": null,
              "duration": 78356,
              "state": "passed",
              "speed": "slow",
              "pass": true,
              "fail": false,
              "pending": false,
              "context": "\"videos/Flights/Flights.test.js.mp4\"",
              "code": "cy.checkAccessibility(true);\npage.getFlyFromInput().type(_constants.CITY_FROM, {\n  scrollBehavior: false\n});\npage.getFlyOption().click({\n  scrollBehavior: false\n});\npage.getFlyToInput().type(_constants.CITY_TO, {\n  scrollBehavior: false\n});\npage.getFlyOption().click({\n  scrollBehavior: false\n});\npage.getSearchButton().click({\n  scrollBehavior: false\n});\npage.getAirportDestinationName().should('exist');\npage.getBookNowButton().click();\nCypress.config('scrollBehavior', 'center');\npage = new _BookingPage.default();\ncy.checkAccessibility(true);\npage.getFirstNameInput().type(this.user.first_name, {\n  scrollBehavior: 'center'\n});\npage.getLastNameInput().type(this.user.last_name);\npage.getNationalityInput().select(this.user.nationality);\npage.getMonthOfBirthInput().select(this.user.month_of_birth);\npage.getDayOfBirthInput().select(this.user.day_of_birth);\npage.getYearOfBirthInput().select(this.user.year_of_birth);\npage.getMonthOfPassaportIssuanceInput().select(this.user.passport_issuance_month);\npage.getDayOfPassaportIssuanceInput().select(this.user.passport_issuance_day);\npage.getYearOfPassaportIssuanceInput().select(this.user.passport_issuance_year);\npage.getMonthOfPassaportExpiryInput().select(this.user.passport_expiry_month);\npage.getDayPassaportExpiryInput().select(this.user.passport_expiry_day);\npage.getYearPassaportExpiryInput().select(this.user.passport_expiry_year);\npage.getDocNumberInput().type(this.user.doc_number);\npage.getPayLaterOption().click();\npage.getAgreeTermsCheckbox().check({\n  force: true\n});\npage.getConfirmBookingButton().click();\npage = new _InvoicePage.default();\ncy.checkAccessibility(true);\npage.getTitlePage().should('be.visible');\npage.getReservationNumberTitle().should('be.visible');\npage.getFeedbackTitle().should('be.visible');\npage.getUserNameTitle(this.user.first_name).should('be.visible');\npage.getFeedbackBookingTitle().should('be.visible');\npage.getTravelersDetailsCard().should('contain', this.user.first_name);\npage.getTravelersDetailsCard().should('contain', this.user.last_name);\npage.getTravelersDetailsCard().should('contain', this.user.nationality_ab);\npage.getTravelersDetailsCard().should('contain', this.user.doc_number);\npage.getTravelersDetailsCard().should('contain', _constants.CITY_TO);",
              "err": {},
              "uuid": "b8dc30f5-88eb-42ee-b289-29ec8271892f",
              "parentUUID": "2085794e-b488-4f8a-8de8-6baff1218fd0",
              "isHook": false,
              "skipped": false
            },
            {
              "title": "Search Round Trip for 1 Adult",
              "fullTitle": "Desktop Viewport - Flights Search Round Trip for 1 Adult",
              "timedOut": null,
              "duration": 60783,
              "state": "passed",
              "speed": "slow",
              "pass": true,
              "fail": false,
              "pending": false,
              "context": "\"videos/Flights/Flights.test.js.mp4\"",
              "code": "page.getRoundTripOption().click({\n  scrollBehavior: false\n});\npage.getFlyFromInput().type(_constants.CITY_FROM, {\n  scrollBehavior: false\n});\npage.getFlyOption().click({\n  scrollBehavior: false\n});\npage.getFlyToInput().type(_constants.CITY_TO, {\n  scrollBehavior: false\n});\npage.getFlyOption().click({\n  scrollBehavior: false\n});\npage.getSearchButton().click({\n  scrollBehavior: false\n});\npage.getAirportDestinationName().should('exist');\npage.getBookNowButton().click();\nCypress.config('scrollBehavior', 'center');\npage = new _BookingPage.default();\npage.getFirstNameInput().type(this.user.first_name, {\n  scrollBehavior: 'center'\n});\npage.getLastNameInput().type(this.user.last_name);\npage.getNationalityInput().select(this.user.nationality);\npage.getMonthOfBirthInput().select(this.user.month_of_birth);\npage.getDayOfBirthInput().select(this.user.day_of_birth);\npage.getYearOfBirthInput().select(this.user.year_of_birth);\npage.getMonthOfPassaportIssuanceInput().select(this.user.passport_issuance_month);\npage.getDayOfPassaportIssuanceInput().select(this.user.passport_issuance_day);\npage.getYearOfPassaportIssuanceInput().select(this.user.passport_issuance_year);\npage.getMonthOfPassaportExpiryInput().select(this.user.passport_expiry_month);\npage.getDayPassaportExpiryInput().select(this.user.passport_expiry_day);\npage.getYearPassaportExpiryInput().select(this.user.passport_expiry_year);\npage.getDocNumberInput().type(this.user.doc_number);\npage.getPayLaterOption().click();\npage.getAgreeTermsCheckbox().check({\n  force: true\n});\npage.getConfirmBookingButton().click();\npage = new _InvoicePage.default();\npage.getTitlePage().should('be.visible');\npage.getReservationNumberTitle().should('be.visible');\npage.getFeedbackTitle().should('be.visible');\npage.getUserNameTitle(this.user.first_name).should('be.visible');\npage.getFeedbackBookingTitle().should('be.visible');\npage.getTravelersDetailsCard().should('contain', this.user.first_name);\npage.getTravelersDetailsCard().should('contain', this.user.last_name);\npage.getTravelersDetailsCard().should('contain', this.user.nationality_ab);\npage.getTravelersDetailsCard().should('contain', this.user.doc_number);\npage.getTravelersDetailsCard().should('contain', _constants.CITY_TO);",
              "err": {},
              "uuid": "1119fa96-4d1c-42ae-bcab-47c26ed8e2c6",
              "parentUUID": "2085794e-b488-4f8a-8de8-6baff1218fd0",
              "isHook": false,
              "skipped": false
            },
            {
              "title": "Search One Way for 2 Adults",
              "fullTitle": "Desktop Viewport - Flights Search One Way for 2 Adults",
              "timedOut": null,
              "duration": 32307,
              "state": "passed",
              "speed": "slow",
              "pass": true,
              "fail": false,
              "pending": false,
              "context": "\"videos/Flights/Flights.test.js.mp4\"",
              "code": "cy.checkAccessibility(true);\npage.getFlyFromInput().type(_constants.CITY_FROM, {\n  scrollBehavior: false\n});\npage.getFlyOption().click({\n  scrollBehavior: false\n});\npage.getFlyToInput().type(_constants.CITY_TO, {\n  scrollBehavior: false\n});\npage.getFlyOption().click({\n  scrollBehavior: false\n});\npage.getCountPassengers().click({\n  scrollBehavior: false\n});\npage.getPlusAdult().click({\n  scrollBehavior: false\n});\npage.getSearchButton().click({\n  scrollBehavior: false\n});\npage.getAirportDestinationName().should('exist');\npage.getBookNowButton().click();\nCypress.config('scrollBehavior', 'center');\npage = new _BookingPage.default();\npage.getFirstNameInput().should('exist');\npage.getTitleNameTravelerNInput(2).should('exist');",
              "err": {},
              "uuid": "ebc3a500-4a9b-419f-afe7-7fddbe7be3d1",
              "parentUUID": "2085794e-b488-4f8a-8de8-6baff1218fd0",
              "isHook": false,
              "skipped": false
            },
            {
              "title": "Search Booking Without Origin",
              "fullTitle": "Desktop Viewport - Flights Search Booking Without Origin",
              "timedOut": null,
              "duration": 6301,
              "state": "passed",
              "speed": "medium",
              "pass": true,
              "fail": false,
              "pending": false,
              "context": "\"videos/Flights/Flights.test.js.mp4\"",
              "code": "page.getSearchButton().click({\n  scrollBehavior: false\n});\npage.getLoadIcon().should('be.visible');\npage.getLoadIcon().should('not.be.visible');\ncy.contains(_constants.SEARCH_FLIGHT_TEXT).should('be.visible');\ncy.focused().should('have.attr', 'id', _constants.FLY_FROM_ID);",
              "err": {},
              "uuid": "745ef810-9023-4a35-9ee0-f7eb243870e1",
              "parentUUID": "2085794e-b488-4f8a-8de8-6baff1218fd0",
              "isHook": false,
              "skipped": false
            },
            {
              "title": "Search Booking Without Destination",
              "fullTitle": "Desktop Viewport - Flights Search Booking Without Destination",
              "timedOut": null,
              "duration": 8824,
              "state": "passed",
              "speed": "medium",
              "pass": true,
              "fail": false,
              "pending": false,
              "context": "\"videos/Flights/Flights.test.js.mp4\"",
              "code": "page.getFlyFromInput().type(_constants.CITY_FROM, {\n  scrollBehavior: false\n});\npage.getFlyOption().click({\n  scrollBehavior: false\n});\npage.getSearchButton().click({\n  scrollBehavior: false\n});\npage.getLoadIcon().should('be.visible');\npage.getLoadIcon().should('not.be.visible');\ncy.contains(_constants.SEARCH_FLIGHT_TEXT).should('be.visible');\ncy.focused().should('have.attr', 'id', _constants.FLY_TO_ID);",
              "err": {},
              "uuid": "b592f958-9d00-4c8d-83f4-827fd819edae",
              "parentUUID": "2085794e-b488-4f8a-8de8-6baff1218fd0",
              "isHook": false,
              "skipped": false
            },
            {
              "title": "Search Booking Without Departure Date",
              "fullTitle": "Desktop Viewport - Flights Search Booking Without Departure Date",
              "timedOut": null,
              "duration": 16280,
              "state": "failed",
              "speed": null,
              "pass": false,
              "fail": true,
              "pending": false,
              "context": "[\n  \"videos/Flights/Flights.test.js.mp4\",\n  \"screenshots/Flights/Flights.test.js/Desktop Viewport - Flights -- Search Booking Without Departure Date (failed).png\"\n]",
              "code": "page.getFlyFromInput().type(_constants.CITY_FROM, {\n  scrollBehavior: false\n});\npage.getFlyOption().click({\n  scrollBehavior: false\n});\npage.getFlyToInput().type(_constants.CITY_TO, {\n  scrollBehavior: false\n});\npage.getFlyOption().click({\n  scrollBehavior: false\n});\npage.getDepartureDateInput().clear({\n  scrollBehavior: false\n});\npage.getSearchButton().click({\n  scrollBehavior: false\n});\npage.getLoadIcon().should('be.visible');\npage.getLoadIcon().should('not.be.visible');\ncy.contains(_constants.SEARCH_FLIGHT_TEXT).should('be.visible');\ncy.focused().should('have.attr', 'id', _constants.DEPARTURE_DATE_ID);",
              "err": {
                "message": "AssertionError: Timed out retrying after 2000ms: Expected to find element: `.waves-ripple`, but never found it.",
                "estack": "AssertionError: Timed out retrying after 2000ms: Expected to find element: `.waves-ripple`, but never found it.\n    at Context.eval (https://www.phptravels.net/__cypress/tests?p=cypress/integration/Flights/Flights.test.js:364:24)",
                "diff": null
              },
              "uuid": "d2700b38-73e8-4bdc-97a2-8f1c1d7f6689",
              "parentUUID": "2085794e-b488-4f8a-8de8-6baff1218fd0",
              "isHook": false,
              "skipped": false
            },
            {
              "title": "Search Booking Without People",
              "fullTitle": "Desktop Viewport - Flights Search Booking Without People",
              "timedOut": null,
              "duration": 18839,
              "state": "failed",
              "speed": null,
              "pass": false,
              "fail": true,
              "pending": false,
              "context": "[\n  \"videos/Flights/Flights.test.js.mp4\",\n  \"screenshots/Flights/Flights.test.js/Desktop Viewport - Flights -- Search Booking Without People (failed).png\"\n]",
              "code": "page.getFlyFromInput().type(_constants.CITY_FROM, {\n  scrollBehavior: false\n});\npage.getFlyOption().click({\n  scrollBehavior: false\n});\npage.getFlyToInput().type(_constants.CITY_TO, {\n  scrollBehavior: false\n});\npage.getFlyOption().click({\n  scrollBehavior: false\n});\npage.getCountPassengers().click({\n  scrollBehavior: false\n});\npage.getMinusAdult().click({\n  scrollBehavior: false\n});\npage.getSearchButton().click({\n  scrollBehavior: false\n});\ncy.contains(_constants.SEARCH_FLIGHT_TEXT).should('be.visible');\npage.getBookNowButton().should('not.exist');",
              "err": {
                "message": "AssertionError: Timed out retrying after 2000ms: Expected <button.btn.btn-primary.btn-block.theme-search-results-item-price-btn.ladda.waves-effect> not to exist in the DOM, but it was continuously found. Queried from element: [ <button.btn.btn-primary.btn-block.theme-search-results-item-price-btn.ladda.waves-effect>, 49 more... ]",
                "estack": "AssertionError: Timed out retrying after 2000ms: Expected <button.btn.btn-primary.btn-block.theme-search-results-item-price-btn.ladda.waves-effect> not to exist in the DOM, but it was continuously found. Queried from element: [ <button.btn.btn-primary.btn-block.theme-search-results-item-price-btn.ladda.waves-effect>, 49 more... ]\n    at Context.eval (https://www.phptravels.net/__cypress/tests?p=cypress/integration/Flights/Flights.test.js:392:29)",
                "diff": null
              },
              "uuid": "36d7247d-d80a-47bf-b050-6fba64579e4a",
              "parentUUID": "2085794e-b488-4f8a-8de8-6baff1218fd0",
              "isHook": false,
              "skipped": false
            },
            {
              "title": "Try to book a flight without travelers detail",
              "fullTitle": "Desktop Viewport - Flights Try to book a flight without travelers detail",
              "timedOut": null,
              "duration": 29225,
              "state": "failed",
              "speed": null,
              "pass": false,
              "fail": true,
              "pending": false,
              "context": "[\n  \"videos/Flights/Flights.test.js.mp4\",\n  \"screenshots/Flights/Flights.test.js/Desktop Viewport - Flights -- Try to book a flight without travelers detail (failed).png\"\n]",
              "code": "page.getFlyFromInput().type(_constants.CITY_FROM, {\n  scrollBehavior: false\n});\npage.getFlyOption().click({\n  scrollBehavior: false\n});\npage.getFlyToInput().type(_constants.CITY_TO, {\n  scrollBehavior: false\n});\npage.getFlyOption().click({\n  scrollBehavior: false\n});\npage.getSearchButton().click({\n  scrollBehavior: false\n});\npage.getAirportDestinationName().should('exist');\npage.getBookNowButton().click();\nCypress.config('scrollBehavior', 'center');\npage = new _BookingPage.default();\npage.getPayLaterOption().click();\npage.getAgreeTermsCheckbox().check({\n  force: true\n});\npage.getConfirmBookingButton().click();\ncy.url().should('not.contain', '/invoice');",
              "err": {
                "message": "AssertionError: Timed out retrying after 2000ms: expected 'https://www.phptravels.net/flights/booking/invoice/9463/1457' to not include '/invoice'",
                "estack": "AssertionError: Timed out retrying after 2000ms: expected 'https://www.phptravels.net/flights/booking/invoice/9463/1457' to not include '/invoice'\n    at Context.eval (https://www.phptravels.net/__cypress/tests?p=cypress/integration/Flights/Flights.test.js:419:14)",
                "diff": null
              },
              "uuid": "82e892aa-c122-42e5-95a0-70f473cba115",
              "parentUUID": "2085794e-b488-4f8a-8de8-6baff1218fd0",
              "isHook": false,
              "skipped": false
            },
            {
              "title": "Try to book a flight without select payment method",
              "fullTitle": "Desktop Viewport - Flights Try to book a flight without select payment method",
              "timedOut": null,
              "duration": 27259,
              "state": "passed",
              "speed": "slow",
              "pass": true,
              "fail": false,
              "pending": false,
              "context": "\"videos/Flights/Flights.test.js.mp4\"",
              "code": "page.getFlyFromInput().type(_constants.CITY_FROM, {\n  scrollBehavior: false\n});\npage.getFlyOption().click({\n  scrollBehavior: false\n});\npage.getFlyToInput().type(_constants.CITY_TO, {\n  scrollBehavior: false\n});\npage.getFlyOption().click({\n  scrollBehavior: false\n});\npage.getSearchButton().click({\n  scrollBehavior: false\n});\npage.getAirportDestinationName().should('exist');\npage.getBookNowButton().click();\nCypress.config('scrollBehavior', 'center');\npage = new _BookingPage.default();\npage.getFirstNameInput().type(this.user.first_name, {\n  scrollBehavior: 'center'\n});\npage.getLastNameInput().type(this.user.last_name);\npage.getNationalityInput().select(this.user.nationality);\npage.getMonthOfBirthInput().select(this.user.month_of_birth);\npage.getDayOfBirthInput().select(this.user.day_of_birth);\npage.getYearOfBirthInput().select(this.user.year_of_birth);\npage.getMonthOfPassaportIssuanceInput().select(this.user.passport_issuance_month);\npage.getDayOfPassaportIssuanceInput().select(this.user.passport_issuance_day);\npage.getYearOfPassaportIssuanceInput().select(this.user.passport_issuance_year);\npage.getMonthOfPassaportExpiryInput().select(this.user.passport_expiry_month);\npage.getDayPassaportExpiryInput().select(this.user.passport_expiry_day);\npage.getYearPassaportExpiryInput().select(this.user.passport_expiry_year);\npage.getDocNumberInput().type(this.user.doc_number);\npage.getAgreeTermsCheckbox().check({\n  force: true\n});\npage.getConfirmBookingButton().click();\ncy.url().should('not.contain', '/invoice');\ncy.focused().should('have.attr', 'id', _constants2.BANK_TRANSFER_ID);",
              "err": {},
              "uuid": "0a8aeb76-0db7-4f15-ab09-8151737fee57",
              "parentUUID": "2085794e-b488-4f8a-8de8-6baff1218fd0",
              "isHook": false,
              "skipped": false
            }
          ],
          "suites": [],
          "passes": [
            "b8dc30f5-88eb-42ee-b289-29ec8271892f",
            "1119fa96-4d1c-42ae-bcab-47c26ed8e2c6",
            "ebc3a500-4a9b-419f-afe7-7fddbe7be3d1",
            "745ef810-9023-4a35-9ee0-f7eb243870e1",
            "b592f958-9d00-4c8d-83f4-827fd819edae",
            "0a8aeb76-0db7-4f15-ab09-8151737fee57"
          ],
          "failures": [
            "d2700b38-73e8-4bdc-97a2-8f1c1d7f6689",
            "36d7247d-d80a-47bf-b050-6fba64579e4a",
            "82e892aa-c122-42e5-95a0-70f473cba115"
          ],
          "pending": [],
          "skipped": [],
          "duration": 278174,
          "root": false,
          "rootEmpty": false,
          "_timeout": 2000
        }
      ],
      "passes": [],
      "failures": [],
      "pending": [],
      "skipped": [],
      "duration": 0,
      "root": true,
      "rootEmpty": true,
      "_timeout": 2000
    }
  ],
  "meta": {
    "mocha": {
      "version": "7.0.1"
    },
    "mochawesome": {
      "options": {
        "quiet": false,
        "reportFilename": "mochawesome",
        "saveHtml": true,
        "saveJson": true,
        "consoleReporter": "spec",
        "useInlineDiffs": false,
        "code": true
      },
      "version": "6.3.1"
    },
    "marge": {
      "options": {
        "id": "default",
        "reportDir": "cypress/results/json",
        "overwrite": false,
        "html": true,
        "json": true
      },
      "version": "5.2.0"
    }
  }
}