{
  "stats": {
    "suites": 1,
    "tests": 4,
    "passes": 4,
    "pending": 0,
    "failures": 0,
    "start": "2022-03-25T01:37:40.128Z",
    "end": "2022-03-25T01:37:53.208Z",
    "duration": 13080,
    "testsRegistered": 4,
    "passPercent": 100,
    "pendingPercent": 0,
    "other": 0,
    "hasOther": false,
    "skipped": 0,
    "hasSkipped": false
  },
  "results": [
    {
      "uuid": "ad4780ca-a1f9-44ec-88b5-9e4486cce88a",
      "title": "",
      "fullFile": "cypress/integration/Login/LoginMobile.test.js",
      "file": "cypress/integration/Login/LoginMobile.test.js",
      "beforeHooks": [],
      "afterHooks": [],
      "tests": [],
      "suites": [
        {
          "uuid": "103cf4b2-9861-4b44-87c5-3896528dadec",
          "title": "Mobile Viewport - Login",
          "fullFile": "",
          "file": "",
          "beforeHooks": [],
          "afterHooks": [],
          "tests": [
            {
              "title": "Do login with size iphone-6 screen",
              "fullTitle": "Mobile Viewport - Login Do login with size iphone-6 screen",
              "timedOut": null,
              "duration": 4090,
              "state": "passed",
              "speed": "fast",
              "pass": true,
              "fail": false,
              "pending": false,
              "context": "\"videos/Login/LoginMobile.test.js.mp4\"",
              "code": "if (Cypress._.isArray(size)) {\n  cy.viewport(size[0], size[1]);\n} else {\n  if (size != 'iphone-6-landscape') {\n    cy.viewport(size);\n  } else {\n    cy.viewport('iphone-6', 'landscape');\n  }\n}\npage.getCookieButton().click();\npage.getEmailInput().type(Cypress.env('USER_EMAIL'));\npage.getPasswordInput().type(Cypress.env('USER_PASSWORD'));\npage.getLoginButton().click();\npage = new _HomePage.default();\npage.getWelcomeBackMessage().should('exist');",
              "err": {},
              "uuid": "8f3f35f6-fc9a-4210-a90f-cb4a284866dd",
              "parentUUID": "103cf4b2-9861-4b44-87c5-3896528dadec",
              "isHook": false,
              "skipped": false
            },
            {
              "title": "Do login with size samsung-s10 screen",
              "fullTitle": "Mobile Viewport - Login Do login with size samsung-s10 screen",
              "timedOut": null,
              "duration": 2940,
              "state": "passed",
              "speed": "fast",
              "pass": true,
              "fail": false,
              "pending": false,
              "context": "\"videos/Login/LoginMobile.test.js.mp4\"",
              "code": "if (Cypress._.isArray(size)) {\n  cy.viewport(size[0], size[1]);\n} else {\n  if (size != 'iphone-6-landscape') {\n    cy.viewport(size);\n  } else {\n    cy.viewport('iphone-6', 'landscape');\n  }\n}\npage.getCookieButton().click();\npage.getEmailInput().type(Cypress.env('USER_EMAIL'));\npage.getPasswordInput().type(Cypress.env('USER_PASSWORD'));\npage.getLoginButton().click();\npage = new _HomePage.default();\npage.getWelcomeBackMessage().should('exist');",
              "err": {},
              "uuid": "d7fbf5a5-d2de-4950-9b5c-20d2611720d0",
              "parentUUID": "103cf4b2-9861-4b44-87c5-3896528dadec",
              "isHook": false,
              "skipped": false
            },
            {
              "title": "Do login with size iphone-6-landscape screen",
              "fullTitle": "Mobile Viewport - Login Do login with size iphone-6-landscape screen",
              "timedOut": null,
              "duration": 3063,
              "state": "passed",
              "speed": "fast",
              "pass": true,
              "fail": false,
              "pending": false,
              "context": "\"videos/Login/LoginMobile.test.js.mp4\"",
              "code": "if (Cypress._.isArray(size)) {\n  cy.viewport(size[0], size[1]);\n} else {\n  if (size != 'iphone-6-landscape') {\n    cy.viewport(size);\n  } else {\n    cy.viewport('iphone-6', 'landscape');\n  }\n}\npage.getCookieButton().click();\npage.getEmailInput().type(Cypress.env('USER_EMAIL'));\npage.getPasswordInput().type(Cypress.env('USER_PASSWORD'));\npage.getLoginButton().click();\npage = new _HomePage.default();\npage.getWelcomeBackMessage().should('exist');",
              "err": {},
              "uuid": "fbf5a274-3cf3-4d10-85bd-aa7b17c59d76",
              "parentUUID": "103cf4b2-9861-4b44-87c5-3896528dadec",
              "isHook": false,
              "skipped": false
            },
            {
              "title": "Do login with size ipad-2 screen",
              "fullTitle": "Mobile Viewport - Login Do login with size ipad-2 screen",
              "timedOut": null,
              "duration": 2902,
              "state": "passed",
              "speed": "fast",
              "pass": true,
              "fail": false,
              "pending": false,
              "context": "\"videos/Login/LoginMobile.test.js.mp4\"",
              "code": "if (Cypress._.isArray(size)) {\n  cy.viewport(size[0], size[1]);\n} else {\n  if (size != 'iphone-6-landscape') {\n    cy.viewport(size);\n  } else {\n    cy.viewport('iphone-6', 'landscape');\n  }\n}\npage.getCookieButton().click();\npage.getEmailInput().type(Cypress.env('USER_EMAIL'));\npage.getPasswordInput().type(Cypress.env('USER_PASSWORD'));\npage.getLoginButton().click();\npage = new _HomePage.default();\npage.getWelcomeBackMessage().should('exist');",
              "err": {},
              "uuid": "2aa4ade8-93a6-41ba-80cf-62163996bc89",
              "parentUUID": "103cf4b2-9861-4b44-87c5-3896528dadec",
              "isHook": false,
              "skipped": false
            }
          ],
          "suites": [],
          "passes": [
            "8f3f35f6-fc9a-4210-a90f-cb4a284866dd",
            "d7fbf5a5-d2de-4950-9b5c-20d2611720d0",
            "fbf5a274-3cf3-4d10-85bd-aa7b17c59d76",
            "2aa4ade8-93a6-41ba-80cf-62163996bc89"
          ],
          "failures": [],
          "pending": [],
          "skipped": [],
          "duration": 12995,
          "root": false,
          "rootEmpty": false,
          "_timeout": 2000
        }
      ],
      "passes": [],
      "failures": [],
      "pending": [],
      "skipped": [],
      "duration": 0,
      "root": true,
      "rootEmpty": true,
      "_timeout": 2000
    }
  ],
  "meta": {
    "mocha": {
      "version": "7.0.1"
    },
    "mochawesome": {
      "options": {
        "quiet": false,
        "reportFilename": "mochawesome",
        "saveHtml": true,
        "saveJson": true,
        "consoleReporter": "spec",
        "useInlineDiffs": false,
        "code": true
      },
      "version": "6.3.1"
    },
    "marge": {
      "options": {
        "configFile": "reporter-config.json"
      },
      "version": "5.2.0"
    }
  }
}