{
  "stats": {
    "suites": 1,
    "tests": 4,
    "passes": 4,
    "pending": 0,
    "failures": 0,
    "start": "2022-03-24T22:51:46.319Z",
    "end": "2022-03-24T22:52:04.026Z",
    "duration": 17707,
    "testsRegistered": 4,
    "passPercent": 100,
    "pendingPercent": 0,
    "other": 0,
    "hasOther": false,
    "skipped": 0,
    "hasSkipped": false
  },
  "results": [
    {
      "uuid": "d6d54798-f2c2-4004-aebb-36905a8b4d31",
      "title": "",
      "fullFile": "cypress/integration/Login/LoginMobile.test.js",
      "file": "cypress/integration/Login/LoginMobile.test.js",
      "beforeHooks": [],
      "afterHooks": [],
      "tests": [],
      "suites": [
        {
          "uuid": "8bb19842-d0ce-46c4-82a4-c0e1b49253dd",
          "title": "Desktop Viewport - Login",
          "fullFile": "",
          "file": "",
          "beforeHooks": [],
          "afterHooks": [],
          "tests": [
            {
              "title": "Do login with size iphone-6 screen",
              "fullTitle": "Desktop Viewport - Login Do login with size iphone-6 screen",
              "timedOut": null,
              "duration": 5837,
              "state": "passed",
              "speed": "medium",
              "pass": true,
              "fail": false,
              "pending": false,
              "context": "\"videos/Login/LoginMobile.test.js.mp4\"",
              "code": "if (Cypress._.isArray(size)) {\n  cy.viewport(size[0], size[1]);\n} else {\n  if (size != 'iphone-6-landscape') {\n    cy.viewport(size);\n  } else {\n    cy.viewport('iphone-6', 'landscape');\n  }\n}\npage.getCookieButton().click();\npage.getEmailInput().type(Cypress.env('USER_EMAIL'));\npage.getPasswordInput().type(Cypress.env('USER_PASSWORD'));\npage.getLoginButton().click();\npage = new _HomePage.default();\npage.getWelcomeBackMessage().should('exist');",
              "err": {},
              "uuid": "d226f240-018e-4a6e-a97a-6a98e3dbe0da",
              "parentUUID": "8bb19842-d0ce-46c4-82a4-c0e1b49253dd",
              "isHook": false,
              "skipped": false
            },
            {
              "title": "Do login with size samsung-s10 screen",
              "fullTitle": "Desktop Viewport - Login Do login with size samsung-s10 screen",
              "timedOut": null,
              "duration": 3835,
              "state": "passed",
              "speed": "fast",
              "pass": true,
              "fail": false,
              "pending": false,
              "context": "\"videos/Login/LoginMobile.test.js.mp4\"",
              "code": "if (Cypress._.isArray(size)) {\n  cy.viewport(size[0], size[1]);\n} else {\n  if (size != 'iphone-6-landscape') {\n    cy.viewport(size);\n  } else {\n    cy.viewport('iphone-6', 'landscape');\n  }\n}\npage.getCookieButton().click();\npage.getEmailInput().type(Cypress.env('USER_EMAIL'));\npage.getPasswordInput().type(Cypress.env('USER_PASSWORD'));\npage.getLoginButton().click();\npage = new _HomePage.default();\npage.getWelcomeBackMessage().should('exist');",
              "err": {},
              "uuid": "ecf10cbd-7c6c-40f2-a22c-b2a8e6e220c4",
              "parentUUID": "8bb19842-d0ce-46c4-82a4-c0e1b49253dd",
              "isHook": false,
              "skipped": false
            },
            {
              "title": "Do login with size iphone-6-landscape screen",
              "fullTitle": "Desktop Viewport - Login Do login with size iphone-6-landscape screen",
              "timedOut": null,
              "duration": 3871,
              "state": "passed",
              "speed": "fast",
              "pass": true,
              "fail": false,
              "pending": false,
              "context": "\"videos/Login/LoginMobile.test.js.mp4\"",
              "code": "if (Cypress._.isArray(size)) {\n  cy.viewport(size[0], size[1]);\n} else {\n  if (size != 'iphone-6-landscape') {\n    cy.viewport(size);\n  } else {\n    cy.viewport('iphone-6', 'landscape');\n  }\n}\npage.getCookieButton().click();\npage.getEmailInput().type(Cypress.env('USER_EMAIL'));\npage.getPasswordInput().type(Cypress.env('USER_PASSWORD'));\npage.getLoginButton().click();\npage = new _HomePage.default();\npage.getWelcomeBackMessage().should('exist');",
              "err": {},
              "uuid": "be2d0e56-34c1-4f16-9824-cce3338ff221",
              "parentUUID": "8bb19842-d0ce-46c4-82a4-c0e1b49253dd",
              "isHook": false,
              "skipped": false
            },
            {
              "title": "Do login with size ipad-2 screen",
              "fullTitle": "Desktop Viewport - Login Do login with size ipad-2 screen",
              "timedOut": null,
              "duration": 3955,
              "state": "passed",
              "speed": "fast",
              "pass": true,
              "fail": false,
              "pending": false,
              "context": "\"videos/Login/LoginMobile.test.js.mp4\"",
              "code": "if (Cypress._.isArray(size)) {\n  cy.viewport(size[0], size[1]);\n} else {\n  if (size != 'iphone-6-landscape') {\n    cy.viewport(size);\n  } else {\n    cy.viewport('iphone-6', 'landscape');\n  }\n}\npage.getCookieButton().click();\npage.getEmailInput().type(Cypress.env('USER_EMAIL'));\npage.getPasswordInput().type(Cypress.env('USER_PASSWORD'));\npage.getLoginButton().click();\npage = new _HomePage.default();\npage.getWelcomeBackMessage().should('exist');",
              "err": {},
              "uuid": "51fa5373-53a0-429e-9cf2-9804861cd6d1",
              "parentUUID": "8bb19842-d0ce-46c4-82a4-c0e1b49253dd",
              "isHook": false,
              "skipped": false
            }
          ],
          "suites": [],
          "passes": [
            "d226f240-018e-4a6e-a97a-6a98e3dbe0da",
            "ecf10cbd-7c6c-40f2-a22c-b2a8e6e220c4",
            "be2d0e56-34c1-4f16-9824-cce3338ff221",
            "51fa5373-53a0-429e-9cf2-9804861cd6d1"
          ],
          "failures": [],
          "pending": [],
          "skipped": [],
          "duration": 17498,
          "root": false,
          "rootEmpty": false,
          "_timeout": 2000
        }
      ],
      "passes": [],
      "failures": [],
      "pending": [],
      "skipped": [],
      "duration": 0,
      "root": true,
      "rootEmpty": true,
      "_timeout": 2000
    }
  ],
  "meta": {
    "mocha": {
      "version": "7.0.1"
    },
    "mochawesome": {
      "options": {
        "quiet": false,
        "reportFilename": "mochawesome",
        "saveHtml": true,
        "saveJson": true,
        "consoleReporter": "spec",
        "useInlineDiffs": false,
        "code": true
      },
      "version": "6.3.1"
    },
    "marge": {
      "options": {
        "configFile": "reporter-config.json"
      },
      "version": "5.2.0"
    }
  }
}